<?xml version="1.0" encoding="UTF-8"?>
<testng-results skipped="0" failed="0" total="2" passed="2">
  <reporter-output>
  </reporter-output>
  <suite name="Surefire suite" duration-ms="748" started-at="2017-11-21T22:34:40Z" finished-at="2017-11-21T22:34:41Z">
    <groups>
    </groups>
    <test name="Surefire test" duration-ms="748" started-at="2017-11-21T22:34:40Z" finished-at="2017-11-21T22:34:41Z">
      <class name="ca.on.oicr.pde.deciders.VarScan2DeciderTest">
        <test-method status="PASS" signature="invalidTemplateType()[pri:0, instance:ca.on.oicr.pde.deciders.VarScan2DeciderTest@4f933fd1]" name="invalidTemplateType" duration-ms="724" started-at="2017-11-21T17:34:40Z" finished-at="2017-11-21T17:34:41Z">
          <reporter-output>
          </reporter-output>
        </test-method> <!-- invalidTemplateType -->
        <test-method status="PASS" signature="validTemplateType()[pri:0, instance:ca.on.oicr.pde.deciders.VarScan2DeciderTest@4f933fd1]" name="validTemplateType" duration-ms="9" started-at="2017-11-21T17:34:41Z" finished-at="2017-11-21T17:34:41Z">
          <reporter-output>
          </reporter-output>
        </test-method> <!-- validTemplateType -->
      </class> <!-- ca.on.oicr.pde.deciders.VarScan2DeciderTest -->
    </test> <!-- Surefire test -->
  </suite> <!-- Surefire suite -->
</testng-results>
