<?xml version="1.0" encoding="UTF-8"?>
<!-- Generated by org.testng.reporters.JUnitXMLReporter -->
<testsuite hostname="olm-prath.oicr.on.ca" name="Surefire test" tests="2" failures="0" timestamp="21 Nov 2017 22:34:41 GMT" time="0.748" errors="0">
  <testcase name="invalidTemplateType" time="0.724" classname="ca.on.oicr.pde.deciders.VarScan2DeciderTest"/>
  <testcase name="validTemplateType" time="0.009" classname="ca.on.oicr.pde.deciders.VarScan2DeciderTest"/>
</testsuite> <!-- Surefire test -->
