<?xml version="1.0" encoding="UTF-8"?>
<!-- Generated by org.testng.reporters.JUnitXMLReporter -->
<testsuite hostname="olm-prath.ad.oicr.on.ca" name="Surefire test" tests="2" failures="0" timestamp="17 Nov 2017 18:40:24 GMT" time="0.799" errors="0">
  <testcase name="invalidTemplateType" time="0.772" classname="ca.on.oicr.pde.deciders.SequenzaDeciderTest"/>
  <testcase name="validTemplateType" time="0.008" classname="ca.on.oicr.pde.deciders.SequenzaDeciderTest"/>
</testsuite> <!-- Surefire test -->
